<?xml version="1.0" encoding="UTF-8"?>
<!-- Generated by org.testng.reporters.JUnitReportReporter -->
<testsuite hostname="DESKTOP-M59JAT7" failures="0" tests="5" name="com.test.Test3" time="0.005" errors="0" timestamp="2022-06-30T14:57:26 IST" skipped="0">
  <testcase classname="com.test.Test3" name="dashboard" time="0.001"/>
  <system-out/>
  <testcase classname="com.test.Test3" name="login1" time="0.001"/>
  <system-out/>
  <testcase classname="com.test.Test3" name="checkTitle" time="0.001"/>
  <system-out/>
  <testcase classname="com.test.Test3" name="logged" time="0.001"/>
  <system-out/>
  <testcase classname="com.test.Test3" name="logout" time="0.001"/>
  <system-out/>
</testsuite> <!-- com.test.Test3 -->
