<?xml version="1.0" encoding="UTF-8"?>
<!-- Generated by org.testng.reporters.JUnitReportReporter -->
<testsuite hostname="DESKTOP-M59JAT7" failures="0" tests="5" name="com.test.Test2" time="0.012" errors="0" timestamp="2022-07-01T17:47:24 IST" skipped="0">
  <testcase classname="com.test.Test2" name="dashboard" time="0.001"/>
  <system-out/>
  <testcase classname="com.test.Test2" name="login1" time="0.008"/>
  <system-out/>
  <testcase classname="com.test.Test2" name="logged" time="0.001"/>
  <system-out/>
  <testcase classname="com.test.Test2" name="checkTitle" time="0.001"/>
  <system-out/>
  <testcase classname="com.test.Test2" name="logout" time="0.001"/>
  <system-out/>
</testsuite> <!-- com.test.Test2 -->
