<?xml version="1.0" encoding="UTF-8"?>
<!-- Generated by org.testng.reporters.JUnitReportReporter -->
<testsuite hostname="DESKTOP-M59JAT7" failures="0" tests="2" name="com.test.Test1" time="0.002" errors="0" timestamp="2022-06-30T14:57:26 IST" skipped="0">
  <testcase classname="com.test.Test1" name="logout" time="0.001"/>
  <system-out/>
  <testcase classname="com.test.Test1" name="login" time="0.001"/>
  <system-out/>
</testsuite> <!-- com.test.Test1 -->
